<?xml version="1.0" encoding="UTF-8"?>
<testng-results ignored="0" total="1" passed="1" failed="0" skipped="0">
  <reporter-output>
  </reporter-output>
  <suite started-at="2021-09-04T10:16:53 EDT" name="Suite" finished-at="2021-09-04T10:17:03 EDT" duration-ms="10466">
    <groups>
    </groups>
    <test started-at="2021-09-04T10:16:53 EDT" name="Test" finished-at="2021-09-04T10:17:03 EDT" duration-ms="10466">
      <class name="DemoTest1.TC_Login">
        <test-method signature="login_Test()[pri:0, instance:DemoTest1.TC_Login@3daa422a]" started-at="2021-09-04T10:16:53 EDT" name="login_Test" finished-at="2021-09-04T10:17:03 EDT" duration-ms="10423" status="PASS">
          <reporter-output>
          </reporter-output>
        </test-method> <!-- login_Test -->
      </class> <!-- DemoTest1.TC_Login -->
    </test> <!-- Test -->
  </suite> <!-- Suite -->
</testng-results>
